11:19:48.248 [main] ERROR Diginamic.api_project.dao.PokemonDao - probleme de selection en base
java.sql.SQLException: Can not issue data manipulation statements with executeQuery().
	at com.mysql.cj.jdbc.exceptions.SQLError.createSQLException(SQLError.java:129)
	at com.mysql.cj.jdbc.exceptions.SQLError.createSQLException(SQLError.java:97)
	at com.mysql.cj.jdbc.exceptions.SQLError.createSQLException(SQLError.java:89)
	at com.mysql.cj.jdbc.exceptions.SQLError.createSQLException(SQLError.java:63)
	at com.mysql.cj.jdbc.StatementImpl.checkForDml(StatementImpl.java:385)
	at com.mysql.cj.jdbc.ClientPreparedStatement.executeQuery(ClientPreparedStatement.java:983)
	at Diginamic.api_project.dao.PokemonDao.editerEquipe(PokemonDao.java:134)
	at Diginamic.api_project.manager.AdministrationCapturePokemon.modifierEquipe(AdministrationCapturePokemon.java:90)
	at Diginamic.api_project.manager.AdministrationCapturePokemon.gestionInterface(AdministrationCapturePokemon.java:64)
	at Diginamic.api_project.Main.main(Main.java:27)
11:21:08.787 [main] ERROR Diginamic.api_project.dao.PokemonDao - probleme de selection en base
java.sql.SQLSyntaxErrorException: You have an error in your SQL syntax; check the manual that corresponds to your MySQL server version for the right syntax to use near 'WHERE id=2' at line 1
	at com.mysql.cj.jdbc.exceptions.SQLError.createSQLException(SQLError.java:120)
	at com.mysql.cj.jdbc.exceptions.SQLError.createSQLException(SQLError.java:97)
	at com.mysql.cj.jdbc.exceptions.SQLExceptionsMapping.translateException(SQLExceptionsMapping.java:122)
	at com.mysql.cj.jdbc.ClientPreparedStatement.executeInternal(ClientPreparedStatement.java:974)
	at com.mysql.cj.jdbc.ClientPreparedStatement.executeUpdateInternal(ClientPreparedStatement.java:1113)
	at com.mysql.cj.jdbc.ClientPreparedStatement.executeUpdateInternal(ClientPreparedStatement.java:1061)
	at com.mysql.cj.jdbc.ClientPreparedStatement.executeLargeUpdate(ClientPreparedStatement.java:1381)
	at com.mysql.cj.jdbc.ClientPreparedStatement.executeUpdate(ClientPreparedStatement.java:1046)
	at Diginamic.api_project.dao.PokemonDao.editerEquipe(PokemonDao.java:134)
	at Diginamic.api_project.manager.AdministrationCapturePokemon.modifierEquipe(AdministrationCapturePokemon.java:90)
	at Diginamic.api_project.manager.AdministrationCapturePokemon.gestionInterface(AdministrationCapturePokemon.java:64)
	at Diginamic.api_project.Main.main(Main.java:27)
11:22:45.473 [main] ERROR Diginamic.api_project.dao.PokemonDao - probleme de selection en base
java.sql.SQLSyntaxErrorException: You have an error in your SQL syntax; check the manual that corresponds to your MySQL server version for the right syntax to use near 'WHERE id=2' at line 1
	at com.mysql.cj.jdbc.exceptions.SQLError.createSQLException(SQLError.java:120)
	at com.mysql.cj.jdbc.exceptions.SQLError.createSQLException(SQLError.java:97)
	at com.mysql.cj.jdbc.exceptions.SQLExceptionsMapping.translateException(SQLExceptionsMapping.java:122)
	at com.mysql.cj.jdbc.ClientPreparedStatement.executeInternal(ClientPreparedStatement.java:974)
	at com.mysql.cj.jdbc.ClientPreparedStatement.executeUpdateInternal(ClientPreparedStatement.java:1113)
	at com.mysql.cj.jdbc.ClientPreparedStatement.executeUpdateInternal(ClientPreparedStatement.java:1061)
	at com.mysql.cj.jdbc.ClientPreparedStatement.executeLargeUpdate(ClientPreparedStatement.java:1381)
	at com.mysql.cj.jdbc.ClientPreparedStatement.executeUpdate(ClientPreparedStatement.java:1046)
	at Diginamic.api_project.dao.PokemonDao.editerEquipe(PokemonDao.java:134)
	at Diginamic.api_project.manager.AdministrationCapturePokemon.modifierEquipe(AdministrationCapturePokemon.java:90)
	at Diginamic.api_project.manager.AdministrationCapturePokemon.gestionInterface(AdministrationCapturePokemon.java:64)
	at Diginamic.api_project.Main.main(Main.java:27)
11:23:24.693 [main] ERROR Diginamic.api_project.dao.PokemonDao - probleme de selection en base
java.sql.SQLSyntaxErrorException: You have an error in your SQL syntax; check the manual that corresponds to your MySQL server version for the right syntax to use near 'WHERE id=2' at line 1
	at com.mysql.cj.jdbc.exceptions.SQLError.createSQLException(SQLError.java:120)
	at com.mysql.cj.jdbc.exceptions.SQLError.createSQLException(SQLError.java:97)
	at com.mysql.cj.jdbc.exceptions.SQLExceptionsMapping.translateException(SQLExceptionsMapping.java:122)
	at com.mysql.cj.jdbc.ClientPreparedStatement.executeInternal(ClientPreparedStatement.java:974)
	at com.mysql.cj.jdbc.ClientPreparedStatement.executeUpdateInternal(ClientPreparedStatement.java:1113)
	at com.mysql.cj.jdbc.ClientPreparedStatement.executeUpdateInternal(ClientPreparedStatement.java:1061)
	at com.mysql.cj.jdbc.ClientPreparedStatement.executeLargeUpdate(ClientPreparedStatement.java:1381)
	at com.mysql.cj.jdbc.ClientPreparedStatement.executeUpdate(ClientPreparedStatement.java:1046)
	at Diginamic.api_project.dao.PokemonDao.editerEquipe(PokemonDao.java:135)
	at Diginamic.api_project.manager.AdministrationCapturePokemon.modifierEquipe(AdministrationCapturePokemon.java:90)
	at Diginamic.api_project.manager.AdministrationCapturePokemon.gestionInterface(AdministrationCapturePokemon.java:64)
	at Diginamic.api_project.Main.main(Main.java:27)
